1
0 0 0 0 1e-15
1 42 1.02208e-05 71958 2.49343e-07
2 82 2.01945e-05 121530 2.4934e-07
3 122 3.01681e-05 171016 2.49336e-07
4 162 4.01414e-05 219913 2.4933e-07
5 202 5.01144e-05 269316 2.49322e-07
6 242 6.00871e-05 319618 2.49314e-07
7 282 7.00595e-05 374421 2.49303e-07
8 322 8.00314e-05 429808 2.49292e-07
9 362 9.00028e-05 483121 2.4928e-07
10 403 0.000100223 539349 2.49266e-07
11 443 0.000110193 592950 2.49252e-07
12 483 0.000120163 646134 2.49236e-07
13 523 0.000130132 699255 2.4922e-07
14 563 0.000140101 752518 2.49204e-07
15 603 0.000150069 807503 2.49187e-07
16 643 0.000160036 861076 2.49169e-07
17 683 0.000170002 914382 2.49151e-07
18 724 0.000180217 968669 2.49131e-07
19 764 0.000190182 1023256 2.49112e-07
20 804 0.000200146 1076278 2.49093e-07
21 844 0.000210109 1129497 2.49073e-07
22 884 0.000220072 1182212 2.49053e-07
23 924 0.000230033 1235193 2.49033e-07
24 965 0.000240243 1290109 2.49012e-07
25 1005 0.000250203 1340352 2.48992e-07
26 1045 0.000260163 1389889 2.48972e-07
27 1085 0.000270121 1441924 2.48951e-07
28 1125 0.000280079 1492959 2.48931e-07
29 1165 0.000290035 1545052 2.48911e-07
30 1206 0.00030024 1597684 2.4889e-07
31 1246 0.000310196 1649722 2.4887e-07
32 1286 0.00032015 1701140 2.4885e-07
33 1326 0.000330104 1753106 2.4883e-07
34 1366 0.000340056 1805072 2.4881e-07
35 1406 0.000350008 1857871 2.4879e-07
36 1447 0.000360208 1915302 2.4877e-07
37 1487 0.000370159 1970487 2.48751e-07
38 1527 0.000380108 2026062 2.48732e-07
39 1567 0.000390057 2081099 2.48714e-07
40 1607 0.000400005 2137210 2.48695e-07
41 1648 0.000410202 2191507 2.48677e-07
42 1688 0.000420148 2244133 2.48659e-07
43 1728 0.000430094 2299528 2.48641e-07
44 1768 0.00044004 2355562 2.48624e-07
45 1809 0.000450233 2413906 2.48607e-07
46 1849 0.000460177 2473491 2.4859e-07
47 1889 0.00047012 2529767 2.48574e-07
48 1929 0.000480063 2590589 2.48558e-07
49 1969 0.000490005 2647804 2.48542e-07
50 2010 0.000500194 2707858 2.48527e-07
51 2050 0.000510135 2763240 2.48512e-07
52 2090 0.000520075 2819860 2.48497e-07
53 2130 0.000530015 2873060 2.48483e-07
54 2171 0.000540202 2949634 2.48469e-07
55 2211 0.000550141 3000043 2.48455e-07
56 2251 0.000560079 3049281 2.48442e-07
57 2291 0.000570016 3099534 2.48429e-07
58 2332 0.000580202 3150173 2.48416e-07
59 2372 0.000590138 3200418 2.48404e-07
60 2412 0.000600074 3252046 2.48392e-07
61 2452 0.000610009 3308496 2.48381e-07
62 2493 0.000620193 3361509 2.4837e-07
63 2533 0.000630127 3412721 2.48359e-07
64 2573 0.000640061 3463952 2.48348e-07
65 2614 0.000650244 3514748 2.48338e-07
66 2654 0.000660177 3565315 2.48328e-07
67 2694 0.00067011 3614939 2.48319e-07
68 2734 0.000680042 3666542 2.4831e-07
69 2775 0.000690223 3717923 2.48301e-07
70 2815 0.000700155 3769167 2.48292e-07
71 2855 0.000710086 3819205 2.48284e-07
72 2895 0.000720017 3869723 2.48276e-07
73 2936 0.000730197 3920632 2.48268e-07
74 2976 0.000740127 3970844 2.48261e-07
75 3016 0.000750058 4021745 2.48254e-07
76 3057 0.000760236 4074099 2.48247e-07
77 3097 0.000770166 4125508 2.48241e-07
78 3137 0.000780095 4175668 2.48235e-07
79 3177 0.000790024 4226056 2.48229e-07
80 3218 0.000800202 4276505 2.48223e-07
81 3258 0.00081013 4326388 2.48218e-07
82 3298 0.000820059 4375974 2.48213e-07
83 3339 0.000830236 4427433 2.48208e-07
84 3379 0.000840164 4476709 2.48203e-07
85 3419 0.000850092 4527852 2.48199e-07
86 3459 0.00086002 4583125 2.48194e-07
87 3500 0.000870196 4639969 2.4819e-07
88 3540 0.000880123 4694053 2.48187e-07
89 3580 0.000890051 4749731 2.48183e-07
90 3621 0.000900226 4801873 2.4818e-07
91 3661 0.000910153 4851917 2.48177e-07
92 3701 0.00092008 4902050 2.48174e-07
93 3741 0.000930007 4951676 2.48171e-07
94 3782 0.000940182 5002964 2.48169e-07
95 3822 0.000950109 5053927 2.48166e-07
96 3862 0.000960035 5105902 2.48164e-07
97 3903 0.00097021 5158773 2.48162e-07
98 3943 0.000980136 5210757 2.4816e-07
99 3983 0.000990063 5262546 2.48159e-07
100 4024 0.00100024 5316421 2.48157e-07
101 4064 0.00101016 5366092 2.48156e-07
102 4104 0.00102009 5416423 2.48155e-07
103 4144 0.00103002 5467718 2.48154e-07
104 4185 0.00104019 5520785 2.48153e-07
105 4225 0.00105012 5570269 2.48152e-07
106 4265 0.00106004 5620414 2.48151e-07
107 4306 0.00107022 5671302 2.48151e-07
108 4346 0.00108014 5721540 2.48151e-07
109 4386 0.00109007 5771189 2.4815e-07
110 4427 0.00110024 5822698 2.4815e-07
111 4467 0.00111017 5872265 2.4815e-07
112 4507 0.00112009 5922854 2.4815e-07
113 4547 0.00113002 5974354 2.48151e-07
114 4588 0.0011402 6026543 2.48151e-07
115 4628 0.00115012 6076088 2.48151e-07
116 4668 0.00116005 6126453 2.48152e-07
117 4709 0.00117022 6177163 2.48152e-07
118 4749 0.00118015 6227393 2.48153e-07
119 4789 0.00119007 6277071 2.48154e-07
120 4830 0.00120025 6328399 2.48155e-07
121 4870 0.00121017 6378063 2.48156e-07
122 4910 0.0012201 6429341 2.48157e-07
123 4950 0.00123003 6479374 2.48158e-07
124 4991 0.0012402 6545122 2.48159e-07
125 5031 0.00125013 6605207 2.4816e-07
126 5071 0.00126005 6660656 2.48162e-07
127 5112 0.00127023 6720398 2.48163e-07
128 5152 0.00128016 6776146 2.48164e-07
129 5192 0.00129008 6839029 2.48166e-07
130 5232 0.00130001 6897836 2.48167e-07
131 5273 0.00131018 6953955 2.48169e-07
132 5313 0.00132011 7006682 2.48171e-07
133 5353 0.00133004 7058642 2.48172e-07
134 5394 0.00134021 7112374 2.48174e-07
135 5434 0.00135014 7164266 2.48176e-07
136 5474 0.00136007 7216581 2.48178e-07
137 5515 0.00137024 7269689 2.4818e-07
138 5555 0.00138017 7322563 2.48182e-07
139 5595 0.0013901 7374253 2.48184e-07
140 5635 0.00140002 7427596 2.48186e-07
141 5676 0.0014102 7481211 2.48188e-07
142 5716 0.00142013 7534859 2.4819e-07
143 5756 0.00143005 7587151 2.48192e-07
144 5797 0.00144023 7639608 2.48194e-07
145 5837 0.00145016 7690372 2.48196e-07
146 5877 0.00146009 7743840 2.48198e-07
147 5917 0.00147001 7794856 2.482e-07
148 5958 0.00148019 7847116 2.48203e-07
149 5998 0.00149012 7897371 2.48205e-07
150 6038 0.00150005 7948755 2.48207e-07
151 6079 0.00151022 8000925 2.4821e-07
152 6119 0.00152015 8054427 2.48212e-07
153 6159 0.00153008 8107140 2.48214e-07
154 6199 0.00154001 8160303 2.48217e-07
155 6240 0.00155019 8213315 2.48219e-07
156 6280 0.00156011 8265762 2.48221e-07
157 6320 0.00157004 8318493 2.48224e-07
158 6361 0.00158022 8372652 2.48226e-07
159 6401 0.00159015 8424491 2.48229e-07
160 6441 0.00160008 8477748 2.48231e-07
161 6481 0.00161001 8530400 2.48234e-07
162 6522 0.00162019 8585671 2.48236e-07
163 6562 0.00163012 8640406 2.48239e-07
164 6602 0.00164004 8695558 2.48241e-07
165 6643 0.00165022 8752649 2.48244e-07
166 6683 0.00166015 8805686 2.48246e-07
167 6723 0.00167008 8857994 2.48249e-07
168 6763 0.00168001 8910028 2.48251e-07
169 6804 0.00169019 8960898 2.48254e-07
170 6844 0.00170012 9011242 2.48256e-07
171 6884 0.00171005 9063299 2.48259e-07
172 6925 0.00172023 9117112 2.48262e-07
173 6965 0.00173016 9173807 2.48264e-07
174 7005 0.00174009 9239027 2.48267e-07
175 7045 0.00175002 9304449 2.48269e-07
176 7086 0.0017602 9369787 2.48272e-07
177 7126 0.00177013 9428424 2.48274e-07
178 7166 0.00178006 9490302 2.48277e-07
179 7207 0.00179024 9546376 2.4828e-07
180 7247 0.00180017 9598721 2.48282e-07
181 7287 0.0018101 9648677 2.48285e-07
182 7327 0.00182004 9699111 2.48287e-07
183 7368 0.00183022 9751013 2.4829e-07
184 7408 0.00184015 9804087 2.48293e-07
185 7448 0.00185008 9856599 2.48295e-07
186 7488 0.00186001 9909992 2.48298e-07
187 7529 0.00187019 9962606 2.483e-07
188 7569 0.00188012 10013059 2.48303e-07
189 7609 0.00189006 10063894 2.48306e-07
190 7650 0.00190024 10117734 2.48308e-07
191 7690 0.00191017 10171408 2.48311e-07
192 7730 0.0019201 10235486 2.48314e-07
193 7770 0.00193003 10303429 2.48316e-07
194 7811 0.00194022 10363356 2.48319e-07
195 7851 0.00195015 10421358 2.48321e-07
196 7891 0.00196008 10477298 2.48324e-07
197 7931 0.00197001 10534594 2.48327e-07
198 7972 0.0019802 10589550 2.48329e-07
199 8012 0.00199013 10642242 2.48332e-07
200 8052 0.00200006 10692259 2.48334e-07
201 8093 0.00201024 10744269 2.48337e-07
202 8133 0.00202018 10794982 2.4834e-07
203 8173 0.00203011 10845506 2.48342e-07
204 8213 0.00204004 10895342 2.48345e-07
205 8254 0.00205023 10950107 2.48348e-07
206 8294 0.00206016 11009111 2.4835e-07
207 8334 0.00207009 11059553 2.48353e-07
208 8374 0.00208003 11113803 2.48355e-07
209 8415 0.00209021 11177935 2.48358e-07
210 8455 0.00210015 11237580 2.48361e-07
211 8495 0.00211008 11298767 2.48363e-07
212 8535 0.00212002 11356554 2.48366e-07
213 8576 0.0021302 11414146 2.48369e-07
214 8616 0.00214013 11466679 2.48371e-07
215 8656 0.00215007 11518835 2.48374e-07
216 8696 0.00216 11571308 2.48376e-07
217 8737 0.00217019 11624254 2.48379e-07
218 8777 0.00218012 11675734 2.48382e-07
219 8817 0.00219006 11726235 2.48384e-07
220 8858 0.00220024 11777963 2.48387e-07
221 8898 0.00221018 11827938 2.48389e-07
222 8938 0.00222011 11881148 2.48392e-07
223 8978 0.00223005 11932951 2.48395e-07
224 9019 0.00224023 11987614 2.48397e-07
225 9059 0.00225017 12039417 2.484e-07
226 9099 0.0022601 12090685 2.48402e-07
227 9139 0.00227004 12142461 2.48405e-07
228 9180 0.00228022 12195542 2.48408e-07
229 9220 0.00229016 12249465 2.4841e-07
230 9260 0.0023001 12308855 2.48413e-07
231 9300 0.00231003 12360040 2.48415e-07
232 9341 0.00232022 12414323 2.48418e-07
233 9381 0.00233016 12466842 2.48421e-07
234 9421 0.00234009 12517552 2.48423e-07
235 9461 0.00235003 12571192 2.48426e-07
236 9502 0.00236022 12624793 2.48429e-07
237 9542 0.00237015 12680896 2.48431e-07
238 9582 0.00238009 12741974 2.48434e-07
239 9622 0.00239003 12818197 2.48436e-07
240 9663 0.00240021 12898332 2.48439e-07
241 9703 0.00241015 12961784 2.48442e-07
242 9743 0.00242009 13021591 2.48444e-07
243 9783 0.00243003 13077920 2.48447e-07
244 9824 0.00244021 13135644 2.48449e-07
245 9864 0.00245015 13194984 2.48452e-07
246 9904 0.00246009 13251566 2.48455e-07
247 9944 0.00247003 13305137 2.48457e-07
248 9985 0.00248021 13357790 2.4846e-07
249 10025 0.00249015 13409121 2.48462e-07
250 10065 0.00250009 13459961 2.48465e-07
251 10105 0.00251003 13511738 2.48468e-07
252 10146 0.00252022 13563611 2.4847e-07
253 10186 0.00253016 13615253 2.48473e-07
254 10226 0.00254009 13667809 2.48475e-07
255 10266 0.00255003 13721552 2.48478e-07
256 10307 0.00256022 13774741 2.48481e-07
257 10347 0.00257016 13826268 2.48483e-07
258 10387 0.0025801 13878960 2.48486e-07
259 10427 0.00259004 13945182 2.48488e-07
260 10468 0.00260023 14004175 2.48491e-07
261 10508 0.00261017 14057298 2.48494e-07
262 10548 0.00262011 14111330 2.48496e-07
263 10588 0.00263005 14163585 2.48499e-07
264 10629 0.00264024 14217144 2.48502e-07
265 10669 0.00265018 14270116 2.48504e-07
266 10709 0.00266012 14323927 2.48507e-07
267 10749 0.00267006 14378487 2.48509e-07
268 10790 0.00268024 14434624 2.48512e-07
269 10830 0.00269019 14487677 2.48515e-07
270 10870 0.00270013 14541741 2.48517e-07
271 10910 0.00271007 14593995 2.4852e-07
272 10950 0.00272001 14645258 2.48522e-07
273 10991 0.0027302 14698915 2.48525e-07
274 11031 0.00274014 14751852 2.48528e-07
275 11071 0.00275008 14803133 2.4853e-07
276 11111 0.00276002 14854624 2.48533e-07
277 11152 0.00277021 14906645 2.48536e-07
278 11192 0.00278015 14968600 2.48538e-07
279 11232 0.00279009 15020557 2.48541e-07
280 11272 0.00280004 15071767 2.48543e-07
281 11313 0.00281023 15124567 2.48546e-07
282 11353 0.00282017 15175174 2.48549e-07
283 11393 0.00283011 15226480 2.48551e-07
284 11433 0.00284005 15278441 2.48554e-07
285 11474 0.00285024 15332801 2.48557e-07
286 11514 0.00286018 15384554 2.48559e-07
287 11554 0.00287013 15436389 2.48562e-07
288 11594 0.00288007 15486710 2.48564e-07
289 11634 0.00289001 15538083 2.48567e-07
290 11675 0.0029002 15589941 2.4857e-07
291 11715 0.00291015 15642446 2.48572e-07
292 11755 0.00292009 15693403 2.48575e-07
293 11795 0.00293003 15744889 2.48577e-07
294 11836 0.00294022 15796585 2.4858e-07
295 11876 0.00295017 15847921 2.48583e-07
296 11916 0.00296011 15898646 2.48585e-07
297 11956 0.00297005 15950333 2.48588e-07
298 11997 0.00298025 16003456 2.48591e-07
299 12037 0.00299019 16056759 2.48593e-07
300 12077 0.00300013 16108573 2.48596e-07
301 12117 0.00301008 16182548 2.48599e-07
302 12157 0.00302002 16257566 2.48601e-07
303 12198 0.00303021 16335010 2.48604e-07
304 12238 0.00304016 16409499 2.48606e-07
305 12278 0.0030501 16470564 2.48609e-07
306 12318 0.00306005 16541710 2.48612e-07
307 12359 0.00307024 16623564 2.48614e-07
308 12399 0.00308019 16674887 2.48617e-07
309 12439 0.00309013 16729247 2.4862e-07
310 12479 0.00310007 16793688 2.48622e-07
311 12519 0.00311002 16850730 2.48625e-07
312 12560 0.00312021 16918167 2.48628e-07
313 12600 0.00313016 16971820 2.4863e-07
314 12640 0.0031401 17025245 2.48633e-07
315 12680 0.00315005 17078246 2.48635e-07
316 12721 0.00316024 17130664 2.48638e-07
317 12761 0.00317019 17184675 2.48641e-07
318 12801 0.00318013 17242128 2.48643e-07
319 12841 0.00319008 17298099 2.48646e-07
320 12881 0.00320003 17357051 2.48649e-07
321 12922 0.00321022 17410822 2.48651e-07
322 12962 0.00322017 17463903 2.48654e-07
323 13002 0.00323011 17515264 2.48657e-07
324 13042 0.00324006 17566957 2.48659e-07
325 13082 0.00325001 17620892 2.48662e-07
326 13123 0.0032602 17675832 2.48665e-07
327 13163 0.00327015 17728323 2.48667e-07
328 13203 0.00328009 17780724 2.4867e-07
329 13243 0.00329004 17831775 2.48672e-07
330 13284 0.00330024 17884548 2.48675e-07
331 13324 0.00331018 17936238 2.48678e-07
332 13364 0.00332013 17990704 2.4868e-07
333 13404 0.00333008 18042303 2.48683e-07
334 13444 0.00334003 18094927 2.48686e-07
335 13485 0.00335022 18148854 2.48688e-07
336 13525 0.00336017 18205265 2.48691e-07
337 13565 0.00337012 18258740 2.48694e-07
338 13605 0.00338007 18311935 2.48696e-07
339 13645 0.00339001 18384304 2.48699e-07
340 13686 0.00340021 18440032 2.48702e-07
341 13726 0.00341016 18492618 2.48704e-07
342 13766 0.00342011 18543446 2.48707e-07
343 13806 0.00343005 18595794 2.4871e-07
344 13846 0.00344 18646944 2.48712e-07
345 13887 0.0034502 18700659 2.48715e-07
346 13927 0.00346015 18752676 2.48718e-07
347 13967 0.0034701 18805428 2.4872e-07
348 14007 0.00348005 18857361 2.48723e-07
349 14048 0.00349024 18911269 2.48726e-07
350 14088 0.00350019 18963718 2.48728e-07
351 14128 0.00351014 19015817 2.48731e-07
352 14168 0.00352009 19070365 2.48734e-07
353 14208 0.00353004 19123093 2.48736e-07
354 14249 0.00354024 19185683 2.48739e-07
355 14289 0.00355019 19246714 2.48742e-07
356 14329 0.00356014 19300362 2.48744e-07
357 14369 0.00357009 19353983 2.48747e-07
358 14409 0.00358004 19406386 2.4875e-07
359 14450 0.00359024 19459693 2.48753e-07
360 14490 0.00360019 19518049 2.48755e-07
361 14530 0.00361014 19572491 2.48758e-07
362 14570 0.00362009 19623122 2.4876e-07
363 14610 0.00363004 19674233 2.48763e-07
364 14651 0.00364024 19726062 2.48766e-07
365 14691 0.00365019 19777461 2.48769e-07
366 14731 0.00366014 19828942 2.48771e-07
367 14771 0.00367009 19882372 2.48774e-07
368 14811 0.00368004 19937101 2.48777e-07
369 14852 0.00369024 19991792 2.48779e-07
370 14892 0.00370019 20045261 2.48782e-07
371 14932 0.00371014 20098543 2.48785e-07
372 14972 0.0037201 20151348 2.48787e-07
373 15012 0.00373005 20204495 2.4879e-07
374 15053 0.00374025 20257102 2.48793e-07
375 15093 0.0037502 20309255 2.48795e-07
376 15133 0.00376015 20360990 2.48798e-07
377 15173 0.0037701 20413050 2.48801e-07
378 15213 0.00378005 20466187 2.48803e-07
379 15253 0.00379001 20518971 2.48806e-07
380 15294 0.00380021 20571467 2.48809e-07
381 15334 0.00381016 20623101 2.48811e-07
382 15374 0.00382011 20676069 2.48814e-07
383 15414 0.00383007 20728318 2.48817e-07
384 15454 0.00384002 20779311 2.48819e-07
385 15495 0.00385022 20831591 2.48822e-07
386 15535 0.00386017 20883967 2.48825e-07
387 15575 0.00387013 20954938 2.48827e-07
388 15615 0.00388008 21008691 2.4883e-07
389 15655 0.00389003 21059954 2.48833e-07
390 15696 0.00390023 21112463 2.48835e-07
391 15736 0.00391019 21163960 2.48838e-07
392 15776 0.00392014 21215978 2.48841e-07
393 15816 0.0039301 21267376 2.48843e-07
394 15856 0.00394005 21319529 2.48846e-07
395 15896 0.00395 21371114 2.48849e-07
396 15937 0.00396021 21424625 2.48851e-07
397 15977 0.00397016 21476081 2.48854e-07
398 16017 0.00398011 21528159 2.48857e-07
399 16057 0.00399007 21581865 2.48859e-07
400 16097 0.00400002 21635993 2.48862e-07
401 16138 0.00401023 21690055 2.48865e-07
402 16178 0.00402018 21743072 2.48867e-07
403 16218 0.00403014 21798041 2.4887e-07
404 16258 0.00404009 21856650 2.48873e-07
405 16298 0.00405005 21913968 2.48875e-07
406 16338 0.00406 21974325 2.48878e-07
407 16379 0.0040702 22052092 2.48881e-07
408 16419 0.00408016 22116942 2.48883e-07
409 16459 0.00409012 22172800 2.48886e-07
410 16499 0.00410007 22235163 2.48889e-07
411 16539 0.00411003 22291637 2.48891e-07
412 16580 0.00412023 22345183 2.48894e-07
413 16620 0.00413019 22397483 2.48897e-07
414 16660 0.00414014 22448822 2.489e-07
415 16700 0.0041501 22501179 2.48902e-07
416 16740 0.00416005 22555559 2.48905e-07
417 16780 0.00417001 22610373 2.48907e-07
418 16821 0.00418022 22663736 2.4891e-07
419 16861 0.00419017 22715144 2.48913e-07
420 16901 0.00420013 22766039 2.48916e-07
421 16941 0.00421009 22818171 2.48918e-07
422 16981 0.00422004 22872273 2.48921e-07
423 17022 0.00423025 22926999 2.48924e-07
424 17062 0.00424021 22978032 2.48926e-07
425 17102 0.00425016 23033377 2.48929e-07
426 17142 0.00426012 23117293 2.48932e-07
427 17182 0.00427008 23211528 2.48934e-07
428 17222 0.00428003 23309227 2.48937e-07
429 17263 0.00429024 23400665 2.4894e-07
430 17303 0.0043002 23490112 2.48942e-07
431 17343 0.00431016 23589288 2.48945e-07
432 17383 0.00432011 23680322 2.48948e-07
433 17423 0.00433007 23770621 2.4895e-07
434 17463 0.00434003 23854715 2.48953e-07
435 17504 0.00435024 23951366 2.48956e-07
436 17544 0.0043602 24040445 2.48958e-07
437 17584 0.00437015 24136531 2.48961e-07
438 17624 0.00438011 24220001 2.48964e-07
439 17664 0.00439007 24305152 2.48962e-07
440 17704 0.00440003 24388817 2.48958e-07
441 17745 0.00441024 24488408 2.48953e-07
442 17785 0.00442019 24583212 2.48949e-07
443 17825 0.00443015 24675325 2.48945e-07
444 17865 0.00444011 24775227 2.4894e-07
445 17905 0.00445007 24873353 2.48936e-07
446 17945 0.00446003 24962438 2.48931e-07
447 17986 0.00447023 25059399 2.48926e-07
448 18026 0.00448019 25150037 2.48922e-07
449 18066 0.00449015 25244480 2.48917e-07
450 18106 0.0045001 25337314 2.48913e-07
451 18146 0.00451006 25435502 2.48908e-07
452 18186 0.00452001 25520133 2.48904e-07
453 18227 0.00453022 25619326 2.48899e-07
454 18267 0.00454018 25713578 2.48894e-07
455 18307 0.00455013 25807676 2.4889e-07
456 18347 0.00456009 25900817 2.48885e-07
457 18387 0.00457004 25993144 2.48881e-07
458 18428 0.00458025 26088547 2.48876e-07
459 18468 0.0045902 26182126 2.48871e-07
460 18508 0.00460016 26274208 2.48867e-07
461 18548 0.00461011 26367372 2.48862e-07
462 18588 0.00462006 26457995 2.48857e-07
463 18628 0.00463002 26547674 2.48853e-07
464 18669 0.00464022 26650711 2.48848e-07
465 18709 0.00465018 26748902 2.48843e-07
466 18749 0.00466013 26856471 2.48838e-07
467 18789 0.00467008 26958090 2.48834e-07
468 18829 0.00468004 27053193 2.48829e-07
469 18870 0.00469024 27159133 2.48824e-07
470 18910 0.00470019 27256086 2.48819e-07
471 18950 0.00471014 27346794 2.48814e-07
472 18990 0.0047201 27444602 2.4881e-07
473 19030 0.00473005 27538675 2.48805e-07
474 19071 0.00474025 27632286 2.488e-07
475 19111 0.0047502 27725661 2.48795e-07
476 19151 0.00476015 27816208 2.4879e-07
477 19191 0.0047701 27914714 2.48785e-07
478 19231 0.00478006 28008204 2.48781e-07
479 19271 0.00479001 28101709 2.48776e-07
480 19312 0.00480021 28201080 2.48771e-07
481 19352 0.00481016 28294744 2.48766e-07
482 19392 0.00482011 28387415 2.48761e-07
483 19432 0.00483006 28479015 2.48756e-07
484 19472 0.00484001 28572297 2.48751e-07
485 19513 0.00485021 28669954 2.48746e-07
486 19553 0.00486016 28760540 2.48741e-07
487 19593 0.00487011 28856765 2.48736e-07
488 19633 0.00488006 28949847 2.48731e-07
489 19673 0.00489 29037815 2.48726e-07
490 19714 0.0049002 29134259 2.48721e-07
491 19754 0.00491015 29235337 2.48716e-07
492 19794 0.0049201 29331857 2.48711e-07
493 19834 0.00493005 29435928 2.48706e-07
494 19875 0.00494024 29532541 2.48701e-07
495 19915 0.00495019 29639688 2.48696e-07
496 19955 0.00496014 29731421 2.48691e-07
497 19995 0.00497009 29832418 2.48686e-07
498 20035 0.00498003 29925016 2.48681e-07
499 20076 0.00499023 30028687 2.48676e-07
500 20116 0.00500018 30132930 2.48671e-07
501 20156 0.00501012 30228903 2.48665e-07
502 20196 0.00502007 30320661 2.4866e-07
503 20236 0.00503002 30416462 2.48655e-07
504 20277 0.00504021 30509983 2.4865e-07
505 20317 0.00505016 30600069 2.48645e-07
506 20357 0.0050601 30695329 2.4864e-07
507 20397 0.00507005 30789084 2.48635e-07
508 20438 0.00508024 30885956 2.48629e-07
509 20478 0.00509019 30975035 2.48624e-07
510 20518 0.00510013 31067814 2.48619e-07
511 20558 0.00511008 31163969 2.48614e-07
512 20598 0.00512002 31257831 2.48608e-07
513 20639 0.00513021 31349270 2.48603e-07
514 20679 0.00514016 31447692 2.48598e-07
515 20719 0.0051501 31537988 2.48593e-07
516 20759 0.00516005 31639921 2.48587e-07
517 20800 0.00517024 31736049 2.48582e-07
518 20840 0.00518018 31828949 2.48577e-07
519 20880 0.00519012 31919522 2.48571e-07
520 20920 0.00520007 32015704 2.48566e-07
521 20960 0.00521001 32100905 2.48561e-07
522 21001 0.0052202 32162095 2.48555e-07
523 21041 0.00523014 32228230 2.4855e-07
524 21081 0.00524008 32306667 2.48545e-07
525 21121 0.00525003 32382641 2.4854e-07
526 21162 0.00526022 32442639 2.48534e-07
527 21202 0.00527016 32501888 2.48529e-07
528 21242 0.0052801 32554034 2.48523e-07
529 21282 0.00529004 32604993 2.48518e-07
530 21323 0.00530023 32658446 2.48512e-07
531 21363 0.00531017 32710422 2.48507e-07
532 21403 0.00532011 32763220 2.48502e-07
533 21443 0.00533005 32815139 2.48496e-07
534 21484 0.00534024 32868815 2.48491e-07
535 21524 0.00535018 32920832 2.48485e-07
536 21564 0.00536012 32974147 2.4848e-07
537 21604 0.00537005 33026013 2.48474e-07
538 21645 0.00538024 33079628 2.48469e-07
539 21685 0.00539018 33131691 2.48463e-07
540 21725 0.00540012 33183508 2.48458e-07
541 21765 0.00541006 33234816 2.48452e-07
542 21806 0.00542024 33288464 2.48447e-07
543 21846 0.00543018 33339952 2.48441e-07
544 21886 0.00544012 33391548 2.48436e-07
545 21926 0.00545006 33443679 2.4843e-07
546 21967 0.00546024 33497592 2.48425e-07
547 22007 0.00547018 33550036 2.48419e-07
548 22047 0.00548012 33602448 2.48414e-07
549 22087 0.00549005 33654872 2.48408e-07
550 22128 0.00550024 33707849 2.48402e-07
551 22168 0.00551017 33762559 2.48397e-07
552 22208 0.00552011 33815024 2.48391e-07
553 22248 0.00553004 33867262 2.48386e-07
554 22289 0.00554023 33920547 2.4838e-07
555 22329 0.00555016 33971582 2.48374e-07
556 22369 0.0055601 34023713 2.48369e-07
557 22409 0.00557003 34075753 2.48363e-07
558 22450 0.00558021 34129860 2.48357e-07
559 22490 0.00559015 34181112 2.48352e-07
560 22530 0.00560008 34233058 2.48346e-07
561 22570 0.00561002 34284712 2.4834e-07
562 22611 0.0056202 34338690 2.48335e-07
563 22651 0.00563013 34390521 2.48329e-07
564 22691 0.00564006 34443365 2.48323e-07
565 22732 0.00565025 34495647 2.48317e-07
566 22772 0.00566018 34547247 2.48312e-07
567 22812 0.00567011 34598296 2.48306e-07
568 22852 0.00568004 34650367 2.483e-07
569 22893 0.00569022 34703507 2.48294e-07
570 22933 0.00570015 34755779 2.48289e-07
571 22973 0.00571009 34806662 2.48283e-07
572 23013 0.00572002 34858764 2.48277e-07
573 23054 0.0057302 34911931 2.48271e-07
574 23094 0.00574013 34966241 2.48266e-07
575 23134 0.00575006 35018635 2.4826e-07
576 23175 0.00576024 35072308 2.48254e-07
577 23215 0.00577017 35124057 2.48248e-07
578 23255 0.0057801 35176685 2.48242e-07
579 23295 0.00579003 35228809 2.48237e-07
580 23336 0.0058002 35282344 2.48231e-07
581 23376 0.00581013 35334330 2.48225e-07
582 23416 0.00582006 35386881 2.48219e-07
583 23457 0.00583024 35440154 2.48213e-07
584 23497 0.00584017 35494237 2.48207e-07
585 23537 0.0058501 35549865 2.48201e-07
586 23577 0.00586002 35607086 2.48195e-07
587 23618 0.0058702 35663564 2.48189e-07
588 23658 0.00588013 35719794 2.48184e-07
589 23698 0.00589005 35775571 2.48178e-07
590 23739 0.00590023 35832632 2.48172e-07
591 23779 0.00591016 35890181 2.48166e-07
592 23819 0.00592008 35942855 2.4816e-07
593 23859 0.00593001 35995997 2.48154e-07
594 23900 0.00594018 36048781 2.48148e-07
595 23940 0.00595011 36101277 2.48142e-07
596 23980 0.00596003 36153980 2.48136e-07
597 24021 0.00597021 36208970 2.4813e-07
598 24061 0.00598013 36262983 2.48124e-07
599 24101 0.00599006 36318114 2.48118e-07
600 24142 0.00600023 36375284 2.48112e-07
601 24182 0.00601015 36431408 2.48106e-07
602 24222 0.00602008 36489699 2.481e-07
603 24262 0.00603 36543812 2.48094e-07
604 24303 0.00604017 36602010 2.48088e-07
605 24343 0.0060501 36657723 2.48082e-07
606 24383 0.00606002 36713284 2.48076e-07
607 24424 0.00607019 36772284 2.4807e-07
608 24464 0.00608011 36829790 2.48064e-07
609 24504 0.00609004 36886145 2.48058e-07
610 24545 0.00610021 36944834 2.48052e-07
611 24585 0.00611013 37001532 2.48046e-07
612 24625 0.00612005 37058488 2.4804e-07
613 24666 0.00613022 37114200 2.48034e-07
614 24706 0.00614014 37169839 2.48028e-07
615 24746 0.00615006 37224151 2.48022e-07
616 24787 0.00616023 37280151 2.48015e-07
617 24827 0.00617015 37332778 2.48009e-07
618 24867 0.00618007 37401138 2.48003e-07
619 24908 0.00619024 37455145 2.47997e-07
620 24948 0.00620016 37506488 2.47991e-07
621 24988 0.00621008 37558118 2.47985e-07
622 25029 0.00622025 37612448 2.47979e-07
623 25069 0.00623017 37682080 2.47973e-07
624 25109 0.00624008 37744692 2.47966e-07
625 25149 0.00625 37804978 2.4796e-07
626 25190 0.00626017 37873390 2.47954e-07
627 25230 0.00627009 37933078 2.47948e-07
628 25270 0.00628 37992175 2.47942e-07
629 25311 0.00629017 38053665 2.47936e-07
630 25351 0.00630009 38108372 2.47929e-07
631 25391 0.00631 38162462 2.47923e-07
632 25432 0.00632017 38216205 2.47917e-07
633 25472 0.00633009 38269037 2.47911e-07
634 25512 0.00634 38321375 2.47905e-07
635 25553 0.00635017 38375962 2.47898e-07
636 25593 0.00636008 38432511 2.47892e-07
637 25634 0.00637025 38500595 2.47886e-07
638 25674 0.00638016 38553499 2.4788e-07
639 25714 0.00639008 38605678 2.47873e-07
640 25755 0.00640024 38659350 2.47867e-07
641 25795 0.00641015 38711473 2.47861e-07
642 25835 0.00642007 38763873 2.47855e-07
643 25876 0.00643023 38817328 2.47848e-07
644 25916 0.00644014 38870927 2.47842e-07
645 25956 0.00645006 38922745 2.47836e-07
646 25997 0.00646022 38976937 2.4783e-07
647 26037 0.00647013 39031399 2.47823e-07
648 26077 0.00648004 39084456 2.47817e-07
649 26118 0.0064902 39139903 2.47811e-07
650 26158 0.00650012 39194663 2.47804e-07
651 26198 0.00651003 39247860 2.47798e-07
652 26239 0.00652019 39302281 2.47792e-07
653 26279 0.0065301 39356818 2.47786e-07
654 26319 0.00654001 39409524 2.47779e-07
655 26360 0.00655017 39463938 2.47773e-07
656 26400 0.00656008 39517342 2.47767e-07
657 26441 0.00657024 39571222 2.4776e-07
658 26481 0.00658015 39624221 2.47754e-07
659 26521 0.00659006 39675448 2.47748e-07
660 26562 0.00660022 39728695 2.47741e-07
661 26602 0.00661013 39780813 2.47735e-07
662 26642 0.00662004 39834110 2.47729e-07
663 26683 0.00663019 39887008 2.47722e-07
664 26723 0.0066401 39939326 2.47716e-07
665 26763 0.00665001 39991261 2.47709e-07
666 26804 0.00666017 40045914 2.47703e-07
667 26844 0.00667007 40098138 2.47697e-07
668 26885 0.00668023 40150722 2.4769e-07
669 26925 0.00669014 40202644 2.47684e-07
670 26965 0.00670004 40254187 2.47677e-07
671 27006 0.0067102 40307217 2.47671e-07
672 27046 0.0067201 40358576 2.47665e-07
673 27086 0.00673001 40410444 2.47658e-07
674 27127 0.00674016 40463021 2.47652e-07
675 27167 0.00675007 40516154 2.47645e-07
676 27208 0.00676022 40569214 2.47639e-07
677 27248 0.00677013 40621138 2.47632e-07
678 27288 0.00678003 40673194 2.47626e-07
679 27329 0.00679019 40726729 2.4762e-07
680 27369 0.00680009 40778467 2.47613e-07
681 27410 0.00681024 40832032 2.47607e-07
682 27450 0.00682015 40883806 2.476e-07
683 27490 0.00683005 40938421 2.47594e-07
684 27531 0.0068402 40993503 2.47587e-07
685 27571 0.00685011 41045666 2.47581e-07
686 27611 0.00686001 41098122 2.47574e-07
687 27652 0.00687016 41151175 2.47568e-07
688 27692 0.00688006 41206160 2.47561e-07
689 27733 0.00689021 41260374 2.47555e-07
690 27773 0.00690011 41312188 2.47548e-07
691 27813 0.00691002 41364837 2.47542e-07
692 27854 0.00692017 41417516 2.47535e-07
693 27894 0.00693007 41469436 2.47529e-07
694 27935 0.00694022 41522193 2.47522e-07
695 27975 0.00695012 41574074 2.47516e-07
696 28015 0.00696002 41626201 2.47509e-07
697 28056 0.00697016 41678960 2.47503e-07
698 28096 0.00698006 41731130 2.47496e-07
699 28137 0.00699021 41783767 2.4749e-07
700 28177 0.00700011 41835677 2.47483e-07
701 28217 0.00701001 41887292 2.47477e-07
702 28258 0.00702016 41940460 2.4747e-07
703 28298 0.00703006 41991915 2.47464e-07
704 28339 0.0070402 42044976 2.47457e-07
705 28379 0.0070501 42096412 2.47451e-07
706 28420 0.00706024 42149638 2.47444e-07
707 28460 0.00707014 42200984 2.47438e-07
708 28500 0.00708004 42252908 2.47431e-07
709 28541 0.00709018 42305541 2.47424e-07
710 28581 0.00710008 42357613 2.47418e-07
711 28622 0.00711022 42410887 2.47411e-07
712 28662 0.00712012 42463494 2.47405e-07
713 28702 0.00713002 42515071 2.47398e-07
714 28743 0.00714016 42568938 2.47392e-07
715 28783 0.00715006 42620625 2.47385e-07
716 28824 0.0071602 42673978 2.47378e-07
717 28864 0.00717009 42725265 2.47372e-07
718 28905 0.00718024 42778443 2.47365e-07
719 28945 0.00719013 42829973 2.47359e-07
720 28985 0.00720002 42882250 2.47352e-07
721 29026 0.00721017 42935801 2.47345e-07
722 29066 0.00722006 42987335 2.47339e-07
723 29107 0.0072302 43040458 2.47332e-07
724 29147 0.00724009 43091942 2.47326e-07
725 29188 0.00725023 43145368 2.47319e-07
726 29228 0.00726013 43196768 2.47312e-07
727 29268 0.00727002 43248843 2.47306e-07
728 29309 0.00728016 43301421 2.47299e-07
729 29349 0.00729005 43353374 2.47293e-07
730 29390 0.00730019 43406155 2.47286e-07
731 29430 0.00731008 43458225 2.47279e-07
732 29471 0.00732022 43510890 2.47273e-07
733 29511 0.00733011 43563558 2.47266e-07
734 29552 0.00734025 43616497 2.47259e-07
735 29592 0.00735014 43669124 2.47253e-07
736 29632 0.00736003 43720719 2.47246e-07
737 29673 0.00737016 43773784 2.47239e-07
738 29713 0.00738005 43825377 2.47233e-07
739 29754 0.00739019 43878841 2.47226e-07
740 29794 0.00740008 43930380 2.4722e-07
741 29835 0.00741021 43983891 2.47213e-07
742 29875 0.0074201 44035541 2.47206e-07
743 29916 0.00743024 44089013 2.47199e-07
744 29956 0.00744013 44140484 2.47193e-07
745 29996 0.00745001 44192639 2.47186e-07
746 30037 0.00746015 44246163 2.4718e-07
747 30077 0.00747004 44297752 2.47173e-07
748 30118 0.00748017 44351933 2.47166e-07
749 30158 0.00749006 44405018 2.4716e-07
750 30199 0.00750019 44465938 2.47153e-07
751 30239 0.00751008 44517795 2.47146e-07
752 30280 0.00752021 44572253 2.47139e-07
753 30320 0.00753009 44624014 2.47133e-07
754 30361 0.00754023 44678176 2.47126e-07
755 30401 0.00755011 44729806 2.47119e-07
756 30442 0.00756024 44783084 2.47113e-07
757 30482 0.00757013 44834470 2.47106e-07
758 30522 0.00758001 44886490 2.47099e-07
759 30563 0.00759014 44939205 2.47093e-07
760 30603 0.00760003 44991215 2.47086e-07
761 30644 0.00761016 45044040 2.47079e-07
762 30684 0.00762004 45096090 2.47073e-07
763 30725 0.00763017 45148797 2.47066e-07
764 30765 0.00764005 45200915 2.47059e-07
765 30806 0.00765018 45253512 2.47052e-07
766 30846 0.00766006 45305722 2.47046e-07
767 30887 0.00767019 45358558 2.47039e-07
768 30927 0.00768007 45410521 2.47032e-07
769 30968 0.0076902 45463201 2.47026e-07
770 31008 0.00770008 45515181 2.47019e-07
771 31049 0.00771021 45567932 2.47012e-07
772 31089 0.00772009 45619964 2.47005e-07
773 31130 0.00773022 45673107 2.46999e-07
774 31170 0.0077401 45725139 2.46992e-07
775 31211 0.00775022 45777975 2.46985e-07
776 31251 0.0077601 45830439 2.46979e-07
777 31292 0.00777023 45883045 2.46972e-07
778 31332 0.00778011 45935445 2.46965e-07
779 31373 0.00779023 45988129 2.46958e-07
780 31413 0.00780011 46040572 2.46952e-07
781 31454 0.00781024 46093416 2.46945e-07
782 31494 0.00782011 46145453 2.46938e-07
783 31535 0.00783024 46198171 2.46931e-07
784 31575 0.00784011 46250298 2.46925e-07
785 31616 0.00785024 46313767 2.46918e-07
786 31656 0.00786011 46372410 2.46911e-07
787 31697 0.00787024 46429623 2.46904e-07
788 31737 0.00788011 46486177 2.46898e-07
789 31778 0.00789024 46540093 2.46891e-07
790 31818 0.00790011 46591892 2.46884e-07
791 31859 0.00791023 46645144 2.46877e-07
792 31899 0.00792011 46696876 2.46871e-07
793 31940 0.00793023 46750246 2.46864e-07
794 31980 0.00794011 46801803 2.46857e-07
795 32021 0.00795023 46855195 2.4685e-07
796 32061 0.0079601 46906722 2.46844e-07
797 32102 0.00797022 46960001 2.46837e-07
798 32142 0.00798009 47011705 2.4683e-07
799 32183 0.00799021 47065038 2.46824e-07
800 32223 0.00800009 47116516 2.46817e-07
801 32264 0.00801021 47169960 2.4681e-07
802 32304 0.00802008 47221507 2.46803e-07
803 32345 0.0080302 47275144 2.46797e-07
804 32385 0.00804007 47326906 2.4679e-07
805 32426 0.00805019 47380246 2.46783e-07
806 32466 0.00806006 47431727 2.46776e-07
807 32507 0.00807018 47484992 2.4677e-07
808 32547 0.00808005 47536604 2.46763e-07
809 32588 0.00809016 47590015 2.46756e-07
810 32628 0.00810003 47641521 2.46749e-07
811 32669 0.00811015 47695287 2.46742e-07
812 32709 0.00812002 47747210 2.46736e-07
813 32750 0.00813014 47801070 2.46729e-07
814 32790 0.00814001 47852702 2.46722e-07
815 32831 0.00815012 47906192 2.46715e-07
816 32872 0.00816024 47958913 2.46709e-07
817 32912 0.0081701 48010869 2.46702e-07
818 32953 0.00818022 48065858 2.46695e-07
819 32993 0.00819009 48118546 2.46688e-07
820 33034 0.0082002 48172489 2.46682e-07
821 33074 0.00821007 48224121 2.46675e-07
822 33115 0.00822018 48277455 2.46668e-07
823 33155 0.00823005 48331139 2.46661e-07
824 33196 0.00824016 48385492 2.46655e-07
825 33236 0.00825003 48437996 2.46648e-07
826 33277 0.00826014 48491035 2.46641e-07
827 33317 0.00827 48543216 2.46634e-07
828 33358 0.00828012 48596249 2.46628e-07
829 33399 0.00829023 48649562 2.46621e-07
830 33439 0.00830009 48703960 2.46614e-07
831 33480 0.0083102 48758472 2.46607e-07
832 33520 0.00832007 48810286 2.46601e-07
833 33561 0.00833018 48863806 2.46594e-07
834 33601 0.00834004 48915392 2.46587e-07
835 33642 0.00835015 48995906 2.4658e-07
836 33682 0.00836001 49056898 2.46574e-07
837 33723 0.00837012 49111717 2.46567e-07
838 33764 0.00838023 49165076 2.4656e-07
839 33804 0.0083901 49218409 2.46553e-07
840 33845 0.0084002 49271758 2.46546e-07
841 33885 0.00841007 49324994 2.4654e-07
842 33926 0.00842017 49378456 2.46533e-07
843 33966 0.00843004 49431489 2.46526e-07
844 34007 0.00844014 49484930 2.46519e-07
845 34047 0.00845 49538078 2.46513e-07
846 34088 0.00846011 49592570 2.46506e-07
847 34129 0.00847022 49647751 2.46499e-07
848 34169 0.00848008 49702609 2.46493e-07
849 34210 0.00849018 49757925 2.46486e-07
850 34250 0.00850004 49810016 2.46479e-07
851 34291 0.00851015 49864497 2.46472e-07
852 34331 0.00852001 49916682 2.46466e-07
853 34372 0.00853011 49971097 2.46459e-07
854 34413 0.00854022 50024420 2.46452e-07
855 34453 0.00855007 50077399 2.46445e-07
856 34494 0.00856018 50130864 2.46438e-07
857 34534 0.00857004 50184906 2.46432e-07
858 34575 0.00858014 50240718 2.46425e-07
859 34616 0.00859024 50295592 2.46418e-07
860 34656 0.0086001 50349182 2.46412e-07
861 34697 0.0086102 50402765 2.46405e-07
862 34737 0.00862006 50456502 2.46398e-07
863 34778 0.00863016 50509982 2.46391e-07
864 34818 0.00864002 50562985 2.46385e-07
865 34859 0.00865012 50616388 2.46378e-07
866 34900 0.00866022 50670640 2.46371e-07
867 34940 0.00867007 50722812 2.46364e-07
868 34981 0.00868017 50777268 2.46358e-07
869 35021 0.00869003 50830791 2.46351e-07
870 35062 0.00870013 50887429 2.46344e-07
871 35103 0.00871023 50941881 2.46337e-07
872 35143 0.00872008 50994195 2.46331e-07
873 35184 0.00873018 51048416 2.46324e-07
874 35224 0.00874003 51104507 2.46317e-07
875 35265 0.00875013 51159968 2.4631e-07
876 35306 0.00876023 51214364 2.46304e-07
877 35346 0.00877008 51266385 2.46297e-07
878 35387 0.00878018 51320473 2.4629e-07
879 35427 0.00879003 51372864 2.46284e-07
880 35468 0.00880013 51428287 2.46277e-07
881 35509 0.00881023 51482615 2.4627e-07
882 35549 0.00882008 51534594 2.46263e-07
883 35590 0.00883017 51588623 2.46257e-07
884 35630 0.00884002 51640266 2.4625e-07
885 35671 0.00885012 51694225 2.46243e-07
886 35712 0.00886022 51747259 2.46236e-07
887 35752 0.00887007 51799455 2.4623e-07
888 35793 0.00888016 51852507 2.46223e-07
889 35833 0.00889001 51904885 2.46216e-07
890 35874 0.0089001 51957899 2.46209e-07
891 35915 0.0089102 52011468 2.46203e-07
892 35955 0.00892005 52063261 2.46196e-07
893 35996 0.00893014 52116820 2.46189e-07
894 36037 0.00894023 52171039 2.46182e-07
895 36077 0.00895008 52224856 2.46176e-07
896 36118 0.00896017 52279307 2.46169e-07
897 36158 0.00897002 52332014 2.46162e-07
898 36199 0.00898011 52386914 2.46156e-07
899 36240 0.00899021 52441118 2.46149e-07
900 36280 0.00900005 52492987 2.46142e-07
901 36321 0.00901014 52546867 2.46136e-07
902 36362 0.00902024 52602958 2.46129e-07
903 36402 0.00903008 52655964 2.46122e-07
904 36443 0.00904017 52709096 2.46115e-07
905 36483 0.00905002 52761645 2.46109e-07
906 36524 0.00906011 52814738 2.46102e-07
907 36565 0.0090702 52868327 2.46095e-07
908 36605 0.00908004 52920202 2.46089e-07
909 36646 0.00909013 52973814 2.46082e-07
910 36687 0.00910022 53026881 2.46075e-07
911 36727 0.00911006 53079536 2.46068e-07
912 36768 0.00912015 53133123 2.46062e-07
913 36809 0.00913024 53188963 2.46055e-07
914 36849 0.00914008 53266108 2.46048e-07
915 36890 0.00915017 53319963 2.46042e-07
916 36930 0.00916001 53372857 2.46035e-07
917 36971 0.0091701 53425997 2.46028e-07
918 37012 0.00918018 53479888 2.46021e-07
919 37052 0.00919002 53531800 2.46015e-07
920 37093 0.00920011 53585481 2.46008e-07
921 37134 0.0092102 53638515 2.46001e-07
922 37174 0.00922004 53693554 2.45995e-07
923 37215 0.00923012 53748074 2.45988e-07
924 37256 0.00924021 53801286 2.45981e-07
925 37296 0.00925005 53853840 2.45975e-07
926 37337 0.00926013 53907057 2.45968e-07
927 37378 0.00927022 53960662 2.45961e-07
928 37418 0.00928005 54012655 2.45955e-07
929 37459 0.00929014 54066694 2.45948e-07
930 37500 0.00930022 54120741 2.45941e-07
931 37540 0.00931006 54172733 2.45935e-07
932 37581 0.00932014 54226638 2.45928e-07
933 37622 0.00933023 54280565 2.45921e-07
934 37662 0.00934006 54332476 2.45915e-07
935 37703 0.00935015 54386225 2.45908e-07
936 37744 0.00936023 54439317 2.45901e-07
937 37784 0.00937006 54492073 2.45895e-07
938 37825 0.00938014 54545151 2.45888e-07
939 37866 0.00939023 54598718 2.45881e-07
940 37906 0.00940006 54650640 2.45875e-07
941 37947 0.00941014 54704315 2.45868e-07
942 37988 0.00942022 54758276 2.45861e-07
943 38028 0.00943006 54811329 2.45855e-07
944 38069 0.00944014 54865055 2.45848e-07
945 38110 0.00945022 54919947 2.45841e-07
946 38150 0.00946005 54972725 2.45835e-07
947 38191 0.00947013 55025856 2.45828e-07
948 38232 0.00948021 55079461 2.45821e-07
949 38272 0.00949004 55131360 2.45815e-07
950 38313 0.00950012 55185192 2.45808e-07
951 38354 0.0095102 55238246 2.45801e-07
952 38394 0.00952003 55292394 2.45795e-07
953 38435 0.00953011 55346847 2.45788e-07
954 38476 0.00954018 55400033 2.45781e-07
955 38516 0.00955001 55452992 2.45775e-07
956 38557 0.00956009 55507403 2.45768e-07
957 38598 0.00957017 55562180 2.45762e-07
958 38639 0.00958024 55616614 2.45755e-07
959 38679 0.00959007 55668672 2.45748e-07
960 38720 0.00960015 55722685 2.45742e-07
961 38761 0.00961022 55776777 2.45735e-07
962 38801 0.00962005 55828916 2.45729e-07
963 38842 0.00963013 55882618 2.45722e-07
964 38883 0.0096402 55935845 2.45715e-07
965 38923 0.00965003 55988967 2.45709e-07
966 38964 0.00966011 56042116 2.45702e-07
967 39005 0.00967018 56096249 2.45695e-07
968 39045 0.00968001 56148494 2.45689e-07
969 39086 0.00969008 56202427 2.45682e-07
970 39127 0.00970015 56256514 2.45676e-07
971 39168 0.00971022 56309685 2.45669e-07
972 39208 0.00972005 56362225 2.45663e-07
973 39249 0.00973012 56415345 2.45656e-07
974 39290 0.0097402 56469992 2.45649e-07
975 39330 0.00975002 56522887 2.45643e-07
976 39371 0.00976009 56576442 2.45636e-07
977 39412 0.00977016 56630071 2.4563e-07
978 39453 0.00978023 56683402 2.45623e-07
979 39493 0.00979006 56736166 2.45616e-07
980 39534 0.00980013 56789465 2.4561e-07
981 39575 0.0098102 56843352 2.45603e-07
982 39615 0.00982002 56895692 2.45597e-07
983 39656 0.00983009 56949593 2.4559e-07
984 39697 0.00984016 57003727 2.45584e-07
985 39738 0.00985023 57057890 2.45577e-07
986 39778 0.00986005 57110496 2.45571e-07
987 39819 0.00987012 57164310 2.45564e-07
988 39860 0.00988019 57218371 2.45557e-07
989 39900 0.00989001 57271336 2.45551e-07
990 39941 0.00990008 57324612 2.45544e-07
991 39982 0.00991015 57378422 2.45538e-07
992 40023 0.00992021 57432787 2.45531e-07
993 40063 0.00993003 57484924 2.45525e-07
994 40104 0.0099401 57538997 2.45518e-07
995 40145 0.00995017 57593392 2.45512e-07
996 40186 0.00996023 57646793 2.45505e-07
997 40226 0.00997005 57699719 2.45499e-07
998 40267 0.00998012 57752990 2.45492e-07
999 40308 0.00999018 57806824 2.45486e-07
1000 40348 0.01 57859892 2.45479e-07
1001 40389 0.0100101 57913612 2.45473e-07
1002 40430 0.0100201 57967675 2.45466e-07
1003 40471 0.0100302 58021801 2.45459e-07
1004 40511 0.01004 58093885 2.45453e-07
1005 40552 0.0100501 58166945 2.45447e-07
1006 40593 0.0100601 58221645 2.4544e-07
1007 40634 0.0100702 58276947 2.45433e-07
1008 40674 0.01008 58329408 2.45427e-07
1009 40715 0.0100901 58383326 2.45421e-07
1010 40756 0.0101001 58436797 2.45414e-07
1011 40797 0.0101102 58492774 2.45408e-07
1012 40837 0.01012 58546892 2.45401e-07
1013 40878 0.0101301 58601127 2.45395e-07
1014 40919 0.0101401 58655503 2.45388e-07
1015 40960 0.0101502 58710776 2.45382e-07
1016 41000 0.01016 58773350 2.45375e-07
1017 41041 0.0101701 58827660 2.45369e-07
1018 41082 0.0101801 58882586 2.45362e-07
1019 41123 0.0101902 58937601 2.45356e-07
1020 41163 0.0102 58991129 2.4535e-07
1021 41204 0.0102101 59046652 2.45343e-07
1022 41245 0.0102201 59100714 2.45337e-07
1023 41286 0.0102302 59156689 2.4533e-07
1024 41326 0.01024 59211665 2.45324e-07
1025 41367 0.0102501 59265751 2.45317e-07
1026 41408 0.0102601 59320135 2.45311e-07
1027 41449 0.0102702 59375545 2.45304e-07
1028 41490 0.0102802 59431163 2.45298e-07
1029 41530 0.01029 59485883 2.45292e-07
1030 41571 0.0103001 59543241 2.45285e-07
1031 41612 0.0103102 59597522 2.45279e-07
1032 41653 0.0103202 59652436 2.45272e-07
1033 41693 0.01033 59706592 2.45266e-07
1034 41734 0.0103401 59760726 2.4526e-07
1035 41775 0.0103501 59815480 2.45253e-07
1036 41816 0.0103602 59870754 2.45247e-07
1037 41856 0.01037 59923476 2.4524e-07
1038 41897 0.0103801 59979448 2.45234e-07
1039 41938 0.0103901 60035043 2.45228e-07
1040 41979 0.0104002 60089155 2.45221e-07
1041 42020 0.0104102 60143654 2.45215e-07
1042 42060 0.01042 60197456 2.45209e-07
1043 42101 0.0104301 60251394 2.45202e-07
1044 42142 0.0104401 60305685 2.45196e-07
1045 42183 0.0104502 60360987 2.45189e-07
1046 42224 0.0104602 60414974 2.45183e-07
1047 42264 0.01047 60468192 2.45177e-07
1048 42305 0.0104801 60523575 2.4517e-07
1049 42346 0.0104902 60579249 2.45164e-07
1050 42387 0.0105002 60634516 2.45158e-07
1051 42427 0.01051 60688869 2.45151e-07
1052 42468 0.0105201 60744928 2.45145e-07
1053 42509 0.0105301 60800118 2.45139e-07
1054 42550 0.0105402 60855688 2.45132e-07
1055 42591 0.0105502 60909632 2.45126e-07
1056 42631 0.01056 60963272 2.4512e-07
1057 42672 0.0105701 61018538 2.45113e-07
1058 42713 0.0105801 61072516 2.45107e-07
1059 42754 0.0105902 61127202 2.45101e-07
1060 42795 0.0106002 61182513 2.45094e-07
1061 42835 0.01061 61235288 2.45088e-07
1062 42876 0.0106201 61290035 2.45082e-07
1063 42917 0.0106301 61344920 2.45076e-07
1064 42958 0.0106402 61398684 2.45069e-07
1065 42999 0.0106502 61453498 2.45063e-07
1066 43039 0.01066 61506872 2.45057e-07
1067 43080 0.0106701 61560867 2.45051e-07
1068 43121 0.0106801 61615422 2.45044e-07
1069 43162 0.0106902 61671064 2.45038e-07
1070 43203 0.0107002 61725155 2.45032e-07
1071 43243 0.01071 61780871 2.45026e-07
1072 43284 0.01072 61835629 2.45019e-07
1073 43325 0.0107301 61889350 2.45013e-07
1074 43366 0.0107401 61943480 2.45007e-07
1075 43407 0.0107502 61997778 2.45e-07
1076 43448 0.0107602 62051216 2.44994e-07
1077 43488 0.01077 62104124 2.44988e-07
1078 43529 0.0107801 62157463 2.44982e-07
1079 43570 0.0107901 62218899 2.44976e-07
1080 43611 0.0108002 62279821 2.44969e-07
1081 43652 0.0108102 62334973 2.44963e-07
1082 43692 0.01082 62389111 2.44957e-07
1083 43733 0.01083 62443071 2.44951e-07
1084 43774 0.0108401 62497450 2.44945e-07
1085 43815 0.0108501 62552118 2.44938e-07
1086 43856 0.0108602 62605666 2.44932e-07
1087 43897 0.0108702 62659791 2.44926e-07
1088 43937 0.01088 62714373 2.4492e-07
1089 43978 0.0108901 62770562 2.44914e-07
1090 44019 0.0109001 62828159 2.44907e-07
1091 44060 0.0109101 62886445 2.44901e-07
1092 44101 0.0109202 62959408 2.44895e-07
1093 44142 0.0109302 63034709 2.44889e-07
1094 44182 0.01094 63087892 2.44883e-07
1095 44223 0.0109501 63142356 2.44877e-07
1096 44264 0.0109601 63195919 2.4487e-07
1097 44305 0.0109701 63250102 2.44864e-07
1098 44346 0.0109802 63304318 2.44858e-07
1099 44387 0.0109902 63357971 2.44852e-07
1100 44427 0.011 63411011 2.44846e-07
1101 44468 0.01101 63464566 2.4484e-07
1102 44509 0.0110201 63521171 2.44834e-07
1103 44550 0.0110301 63578131 2.44828e-07
1104 44591 0.0110402 63636039 2.44821e-07
1105 44632 0.0110502 63693309 2.44815e-07
1106 44673 0.0110602 63750394 2.44809e-07
1107 44713 0.01107 63805939 2.44803e-07
1108 44754 0.0110801 63861541 2.44797e-07
1109 44795 0.0110901 63918128 2.44791e-07
1110 44836 0.0111001 63972725 2.44785e-07
1111 44877 0.0111102 64027698 2.44779e-07
1112 44918 0.0111202 64083407 2.44773e-07
1113 44959 0.0111302 64140259 2.44767e-07
1114 44999 0.01114 64194481 2.44761e-07
1115 45040 0.0111501 64248032 2.44754e-07
1116 45081 0.0111601 64303524 2.44748e-07
1117 45122 0.0111701 64358245 2.44742e-07
1118 45163 0.0111802 64411974 2.44736e-07
1119 45204 0.0111902 64466115 2.4473e-07
1120 45245 0.0112002 64520405 2.44724e-07
1121 45285 0.01121 64572719 2.44718e-07
1122 45326 0.0112201 64627210 2.44712e-07
1123 45367 0.0112301 64681593 2.44706e-07
1124 45408 0.0112401 64735124 2.447e-07
1125 45449 0.0112502 64789013 2.44694e-07
1126 45490 0.0112602 64843617 2.44688e-07
1127 45531 0.0112702 64897342 2.44682e-07
1128 45571 0.01128 64950432 2.44676e-07
1129 45612 0.01129 65004745 2.4467e-07
1130 45653 0.0113001 65058267 2.44664e-07
1131 45694 0.0113101 65112591 2.44658e-07
1132 45735 0.0113201 65167073 2.44652e-07
1133 45776 0.0113302 65222376 2.44646e-07
1134 45817 0.0113402 65277224 2.4464e-07
1135 45858 0.0113502 65331701 2.44634e-07
1136 45898 0.01136 65384167 2.44628e-07
1137 45939 0.01137 65440757 2.44622e-07
1138 45980 0.0113801 65497373 2.44616e-07
1139 46021 0.0113901 65553744 2.4461e-07
1140 46062 0.0114001 65610701 2.44604e-07
1141 46103 0.0114102 65667832 2.44598e-07
1142 46144 0.0114202 65726007 2.44592e-07
1143 46185 0.0114302 65783762 2.44586e-07
1144 46226 0.0114402 65840515 2.44581e-07
1145 46266 0.01145 65896342 2.44575e-07
1146 46307 0.0114601 65953215 2.44569e-07
1147 46348 0.0114701 66009134 2.44563e-07
1148 46389 0.0114801 66065580 2.44557e-07
1149 46430 0.0114901 66122570 2.44551e-07
1150 46471 0.0115002 66176441 2.44545e-07
1151 46512 0.0115102 66232035 2.44539e-07
1152 46553 0.0115202 66289309 2.44533e-07
1153 46594 0.0115302 66343122 2.44527e-07
1154 46634 0.01154 66396925 2.44522e-07
1155 46675 0.01155 66451706 2.44516e-07
1156 46716 0.0115601 66506350 2.4451e-07
1157 46757 0.0115701 66561385 2.44504e-07
1158 46798 0.0115801 66616283 2.44498e-07
1159 46839 0.0115901 66669960 2.44492e-07
1160 46880 0.0116002 66724645 2.44486e-07
1161 46921 0.0116102 66779343 2.4448e-07
1162 46962 0.0116202 66833023 2.44475e-07
1163 47003 0.0116302 66887324 2.44469e-07
1164 47043 0.01164 66940816 2.44463e-07
1165 47084 0.01165 66994514 2.44457e-07
1166 47125 0.0116601 67048692 2.44451e-07
1167 47166 0.0116701 67103141 2.44446e-07
1168 47207 0.0116801 67156939 2.4444e-07
1169 47248 0.0116901 67211397 2.44434e-07
1170 47289 0.0117002 67270240 2.44428e-07
1171 47330 0.0117102 67328562 2.44422e-07
1172 47371 0.0117202 67386546 2.44417e-07
1173 47412 0.0117302 67443853 2.44411e-07
1174 47453 0.0117402 67499428 2.44405e-07
1175 47493 0.01175 67553316 2.44399e-07
1176 47534 0.01176 67607207 2.44393e-07
1177 47575 0.0117701 67661452 2.44388e-07
1178 47616 0.0117801 67716643 2.44382e-07
1179 47657 0.0117901 67771214 2.44376e-07
1180 47698 0.0118001 67852583 2.4437e-07
1181 47739 0.0118101 67907351 2.44365e-07
1182 47780 0.0118201 67962041 2.44359e-07
1183 47821 0.0118302 68016145 2.44353e-07
1184 47862 0.0118402 68070356 2.44347e-07
1185 47903 0.0118502 68125025 2.44342e-07
1186 47944 0.0118602 68178808 2.44336e-07
1187 47985 0.0118702 68233431 2.4433e-07
1188 48025 0.01188 68287174 2.44325e-07
1189 48066 0.01189 68340990 2.44319e-07
1190 48107 0.0119 68395341 2.44313e-07
1191 48148 0.0119101 68449743 2.44307e-07
1192 48189 0.0119201 68503832 2.44302e-07
1193 48230 0.0119301 68560182 2.44296e-07
1194 48271 0.0119401 68615390 2.4429e-07
1195 48312 0.0119501 68669183 2.44285e-07
1196 48353 0.0119601 68723357 2.44279e-07
1197 48394 0.0119702 68777735 2.44273e-07
1198 48435 0.0119802 68831586 2.44268e-07
1199 48476 0.0119902 68885744 2.44262e-07
1200 48517 0.0120002 68940515 2.44256e-07
1201 48558 0.0120102 68994652 2.44251e-07
1202 48599 0.0120202 69053225 2.44245e-07
1203 48639 0.01203 69113093 2.4424e-07
1204 48680 0.01204 69171741 2.44234e-07
1205 48721 0.01205 69232535 2.44228e-07
1206 48762 0.01206 69291407 2.44223e-07
1207 48803 0.0120701 69346232 2.44217e-07
1208 48844 0.0120801 69401186 2.44211e-07
1209 48885 0.0120901 69459438 2.44206e-07
1210 48926 0.0121001 69514813 2.442e-07
1211 48967 0.0121101 69570382 2.44195e-07
1212 49008 0.0121201 69628095 2.44189e-07
1213 49049 0.0121301 69683290 2.44183e-07
1214 49090 0.0121401 69738847 2.44178e-07
1215 49131 0.0121502 69797394 2.44172e-07
1216 49172 0.0121602 69852038 2.44167e-07
1217 49213 0.0121702 69907067 2.44161e-07
1218 49254 0.0121802 69962335 2.44156e-07
1219 49295 0.0121902 70016580 2.4415e-07
1220 49336 0.0122002 70071732 2.44144e-07
1221 49377 0.0122102 70127383 2.44139e-07
1222 49418 0.0122202 70181800 2.44133e-07
1223 49459 0.0122302 70236443 2.44128e-07
1224 49500 0.0122402 70291886 2.44122e-07
1225 49540 0.01225 70345135 2.44117e-07
1226 49581 0.01226 70399749 2.44111e-07
1227 49622 0.01227 70454716 2.44106e-07
1228 49663 0.01228 70509063 2.441e-07
1229 49704 0.01229 70565425 2.44095e-07
1230 49745 0.0123 70620667 2.44089e-07
1231 49786 0.0123101 70674680 2.44084e-07
1232 49827 0.0123201 70729663 2.44078e-07
1233 49868 0.0123301 70784337 2.44073e-07
1234 49909 0.0123401 70838697 2.44067e-07
1235 49950 0.0123501 70893629 2.44062e-07
1236 49991 0.0123601 70951170 2.44057e-07
1237 50032 0.0123701 71007016 2.44051e-07
1238 50073 0.0123801 71061676 2.44046e-07
1239 50114 0.0123901 71116737 2.4404e-07
1240 50155 0.0124001 71172756 2.44035e-07
1241 50196 0.0124101 71227225 2.44029e-07
1242 50237 0.0124201 71282038 2.44024e-07
1243 50278 0.0124301 71340988 2.44018e-07
1244 50319 0.0124401 71395500 2.44013e-07
1245 50360 0.0124501 71452897 2.44008e-07
1246 50401 0.0124601 71510846 2.44002e-07
1247 50442 0.0124701 71565482 2.43997e-07
1248 50483 0.0124801 71620970 2.43991e-07
1249 50524 0.0124902 71676881 2.43986e-07
1250 50565 0.0125002 71731269 2.43981e-07
1251 50606 0.0125102 71786791 2.43975e-07
1252 50647 0.0125202 71842497 2.4397e-07
1253 50688 0.0125302 71896760 2.43964e-07
1254 50729 0.0125402 71952248 2.43959e-07
1255 50770 0.0125502 72007980 2.43954e-07
1256 50811 0.0125602 72062317 2.43948e-07
1257 50852 0.0125702 72117722 2.43943e-07
1258 50893 0.0125802 72173384 2.43938e-07
1259 50934 0.0125902 72227652 2.43932e-07
1260 50975 0.0126002 72282935 2.43927e-07
1261 51016 0.0126102 72338760 2.43922e-07
1262 51057 0.0126202 72393121 2.43916e-07
1263 51098 0.0126302 72448784 2.43911e-07
1264 51139 0.0126402 72504477 2.43906e-07
1265 51180 0.0126502 72558530 2.439e-07
1266 51221 0.0126602 72613738 2.43895e-07
1267 51262 0.0126702 72669472 2.4389e-07
1268 51303 0.0126802 72725722 2.43885e-07
1269 51344 0.0126902 72780888 2.43879e-07
1270 51385 0.0127002 72835818 2.43874e-07
1271 51426 0.0127102 72890000 2.43869e-07
1272 51467 0.0127202 72944417 2.43863e-07
1273 51508 0.0127302 73000000 2.43858e-07
1274 51549 0.0127402 73053922 2.43853e-07
1275 51590 0.0127502 73109763 2.43848e-07
1276 51631 0.0127602 73164716 2.43842e-07
1277 51672 0.0127702 73218583 2.43837e-07
1278 51713 0.0127802 73273457 2.43832e-07
1279 51754 0.0127902 73329171 2.43827e-07
1280 51795 0.0128002 73383711 2.43822e-07
1281 51836 0.0128101 73438250 2.43816e-07
1282 51877 0.0128201 73493719 2.43811e-07
1283 51918 0.0128301 73547768 2.43806e-07
1284 51959 0.0128401 73602366 2.43801e-07
1285 52000 0.0128501 73657608 2.43796e-07
1286 52041 0.0128601 73711725 2.4379e-07
1287 52082 0.0128701 73766535 2.43785e-07
1288 52123 0.0128801 73822264 2.4378e-07
1289 52164 0.0128901 73876499 2.43775e-07
1290 52205 0.0129001 73933822 2.4377e-07
1291 52246 0.0129101 73994687 2.43764e-07
1292 52287 0.0129201 74056252 2.43759e-07
1293 52328 0.0129301 74116669 2.43754e-07
1294 52369 0.0129401 74193180 2.43749e-07
1295 52410 0.0129501 74247620 2.43744e-07
1296 52451 0.0129601 74302388 2.43739e-07
1297 52492 0.0129701 74357365 2.43734e-07
1298 52533 0.0129801 74413849 2.43729e-07
1299 52574 0.0129901 74474359 2.43723e-07
1300 52615 0.013 74532211 2.43718e-07
1301 52656 0.01301 74587990 2.43713e-07
1302 52697 0.01302 74644445 2.43708e-07
1303 52738 0.01303 74700855 2.43703e-07
1304 52779 0.01304 74756038 2.43698e-07
1305 52820 0.01305 74816122 2.43693e-07
1306 52862 0.0130602 74873997 2.43688e-07
1307 52903 0.0130702 74930169 2.43683e-07
1308 52944 0.0130802 74985993 2.43677e-07
1309 52985 0.0130902 75066604 2.43672e-07
1310 53026 0.0131002 75122689 2.43667e-07
1311 53067 0.0131102 75178889 2.43662e-07
1312 53108 0.0131202 75233600 2.43657e-07
1313 53149 0.0131302 75314008 2.43652e-07
1314 53190 0.0131402 75369578 2.43647e-07
1315 53231 0.0131502 75425327 2.43642e-07
1316 53272 0.0131601 75479925 2.43637e-07
1317 53313 0.0131701 75535493 2.43632e-07
1318 53354 0.0131801 75591590 2.43627e-07
1319 53395 0.0131901 75646280 2.43622e-07
1320 53436 0.0132001 75702688 2.43617e-07
1321 53477 0.0132101 75759778 2.43612e-07
1322 53518 0.0132201 75816346 2.43607e-07
1323 53559 0.0132301 75874449 2.43602e-07
1324 53600 0.01324 75932485 2.43597e-07
1325 53641 0.01325 75987216 2.43592e-07
1326 53682 0.01326 76042839 2.43587e-07
1327 53723 0.01327 76099299 2.43582e-07
1328 53765 0.0132802 76156181 2.43577e-07
1329 53806 0.0132902 76213046 2.43572e-07
1330 53847 0.0133002 76270378 2.43567e-07
1331 53888 0.0133102 76326227 2.43562e-07
1332 53929 0.0133202 76383812 2.43557e-07
1333 53970 0.0133302 76440484 2.43553e-07
1334 54011 0.0133402 76498269 2.43548e-07
1335 54052 0.0133501 76553918 2.43543e-07
1336 54093 0.0133601 76610520 2.43538e-07
1337 54134 0.0133701 76669861 2.43533e-07
1338 54175 0.0133801 76729219 2.43528e-07
1339 54216 0.0133901 76785370 2.43523e-07
1340 54257 0.0134001 76843011 2.43518e-07
1341 54298 0.01341 76899505 2.43513e-07
1342 54339 0.01342 76956687 2.43508e-07
1343 54380 0.01343 77012390 2.43504e-07
1344 54422 0.0134402 77070235 2.43499e-07
1345 54463 0.0134502 77126914 2.43494e-07
1346 54504 0.0134602 77182831 2.43489e-07
1347 54545 0.0134702 77240350 2.43484e-07
1348 54586 0.0134802 77296238 2.43479e-07
1349 54627 0.0134902 77353920 2.43474e-07
1350 54668 0.0135001 77410484 2.4347e-07
1351 54709 0.0135101 77467291 2.43465e-07
1352 54750 0.0135201 77522691 2.4346e-07
1353 54791 0.0135301 77578707 2.43455e-07
1354 54832 0.0135401 77635060 2.4345e-07
1355 54873 0.01355 77689956 2.43445e-07
1356 54914 0.01356 77745699 2.43441e-07
1357 54955 0.01357 77801897 2.43436e-07
1358 54997 0.0135802 77858111 2.43431e-07
1359 55038 0.0135902 77913855 2.43426e-07
1360 55079 0.0136002 77970028 2.43421e-07
1361 55120 0.0136102 78024222 2.43417e-07
1362 55161 0.0136202 78079075 2.43412e-07
1363 55202 0.0136301 78134771 2.43407e-07
1364 55243 0.0136401 78196968 2.43402e-07
1365 55284 0.0136501 78267436 2.43398e-07
1366 55325 0.0136601 78336316 2.43393e-07
1367 55366 0.0136701 78401180 2.43388e-07
1368 55407 0.01368 78463726 2.43383e-07
1369 55448 0.01369 78528309 2.43379e-07
1370 55490 0.0137002 78590907 2.43374e-07
1371 55531 0.0137102 78649747 2.43369e-07
1372 55572 0.0137202 78705175 2.43364e-07
1373 55613 0.0137302 78760752 2.4336e-07
1374 55654 0.0137401 78818235 2.43355e-07
1375 55695 0.0137501 78903415 2.4335e-07
1376 55736 0.0137601 78958413 2.43346e-07
1377 55777 0.0137701 79013513 2.43341e-07
1378 55818 0.0137801 79068739 2.43336e-07
1379 55859 0.01379 79123811 2.43332e-07
1380 55900 0.0138 79179402 2.43327e-07
1381 55942 0.0138102 79235024 2.43322e-07
1382 55983 0.0138202 79289795 2.43317e-07
1383 56024 0.0138302 79345387 2.43313e-07
1384 56065 0.0138402 79399776 2.43308e-07
1385 56106 0.0138501 79454740 2.43304e-07
1386 56147 0.0138601 79510070 2.43299e-07
1387 56188 0.0138701 79565129 2.43294e-07
1388 56229 0.0138801 79620353 2.4329e-07
1389 56270 0.01389 79675930 2.43285e-07
